{"name":"createAnIncident","status":"skipped","statusDetails":{"known":false,"muted":false,"flaky":false,"message":"java.lang.ArrayIndexOutOfBoundsException: 1","trace":"java.lang.RuntimeException: java.lang.ArrayIndexOutOfBoundsException: 1\r\n\tat org.testng.internal.MethodInvocationHelper.invokeMethodNoCheckedException(MethodInvocationHelper.java:49)\r\n\tat org.testng.internal.MethodInvocationHelper.invokeDataProvider(MethodInvocationHelper.java:131)\r\n\tat org.testng.internal.Parameters.handleParameters(Parameters.java:706)\r\n\tat org.testng.internal.ParameterHandler.handleParameters(ParameterHandler.java:49)\r\n\tat org.testng.internal.ParameterHandler.createParameters(ParameterHandler.java:37)\r\n\tat org.testng.internal.Invoker.invokeTestMethods(Invoker.java:924)\r\n\tat org.testng.internal.TestMethodWorker.invokeTestMethods(TestMethodWorker.java:125)\r\n\tat org.testng.internal.TestMethodWorker.run(TestMethodWorker.java:109)\r\n\tat org.testng.TestRunner.privateRun(TestRunner.java:648)\r\n\tat org.testng.TestRunner.run(TestRunner.java:505)\r\n\tat org.testng.SuiteRunner.runTest(SuiteRunner.java:455)\r\n\tat org.testng.SuiteRunner.runSequentially(SuiteRunner.java:450)\r\n\tat org.testng.SuiteRunner.privateRun(SuiteRunner.java:415)\r\n\tat org.testng.SuiteRunner.run(SuiteRunner.java:364)\r\n\tat org.testng.SuiteRunnerWorker.runSuite(SuiteRunnerWorker.java:52)\r\n\tat org.testng.SuiteRunnerWorker.run(SuiteRunnerWorker.java:84)\r\n\tat org.testng.TestNG.runSuitesSequentially(TestNG.java:1208)\r\n\tat org.testng.TestNG.runSuitesLocally(TestNG.java:1137)\r\n\tat org.testng.TestNG.runSuites(TestNG.java:1049)\r\n\tat org.testng.TestNG.run(TestNG.java:1017)\r\n\tat org.testng.remote.AbstractRemoteTestNG.run(AbstractRemoteTestNG.java:114)\r\n\tat org.testng.remote.RemoteTestNG.initAndRun(RemoteTestNG.java:251)\r\n\tat org.testng.remote.RemoteTestNG.main(RemoteTestNG.java:77)\r\nCaused by: java.lang.ArrayIndexOutOfBoundsException: 1\r\n\tat util.JSONDataProvider.readJsonData(JSONDataProvider.java:42)\r\n\tat lib.restassured.SNowRestAPI.jsondata(SNowRestAPI.java:117)\r\n\tat sun.reflect.NativeMethodAccessorImpl.invoke0(Native Method)\r\n\tat sun.reflect.NativeMethodAccessorImpl.invoke(Unknown Source)\r\n\tat sun.reflect.DelegatingMethodAccessorImpl.invoke(Unknown Source)\r\n\tat java.lang.reflect.Method.invoke(Unknown Source)\r\n\tat org.testng.internal.MethodInvocationHelper.invokeMethod(MethodInvocationHelper.java:124)\r\n\tat org.testng.internal.MethodInvocationHelper.invokeMethod(MethodInvocationHelper.java:74)\r\n\tat org.testng.internal.MethodInvocationHelper.invokeMethodNoCheckedException(MethodInvocationHelper.java:45)\r\n\t... 22 more\r\n"},"stage":"finished","steps":[],"attachments":[],"parameters":[],"start":1566031176720,"stop":1566031176724,"uuid":"3df76c4a-c593-40ac-bbdc-5ad3a4b37a5b","historyId":"2835def8db4b8b5fde85dfe07a3752a3","fullName":"tests.snow.api.CreateIncident.createAnIncident","labels":[{"name":"package","value":"tests.snow.api.CreateIncident"},{"name":"testClass","value":"tests.snow.api.CreateIncident"},{"name":"testMethod","value":"createAnIncident"},{"name":"parentSuite","value":"Default suite"},{"name":"suite","value":"Default test"},{"name":"subSuite","value":"tests.snow.api.CreateIncident"},{"name":"host","value":"DESKTOP-4JBAKI8"},{"name":"thread","value":"8688@DESKTOP-4JBAKI8.main(1)"},{"name":"framework","value":"testng"},{"name":"language","value":"java"}],"links":[]}